C:\USERS\FABIO\SKYDRIVE\DOCUMENTS\BANCADA8086-MS-VISUALC-FONTES\BANCADA8086\RELEASE\.NETFRAMEWORK,VERSION=V4.0.ASSEMBLYATTRIBUTES.OBJ
C:\USERS\FABIO\SKYDRIVE\DOCUMENTS\BANCADA8086-MS-VISUALC-FONTES\BANCADA8086\RELEASE\APP.RES
C:\USERS\FABIO\SKYDRIVE\DOCUMENTS\BANCADA8086-MS-VISUALC-FONTES\BANCADA8086\RELEASE\ASSEMBLYINFO.OBJ
C:\USERS\FABIO\SKYDRIVE\DOCUMENTS\BANCADA8086-MS-VISUALC-FONTES\BANCADA8086\RELEASE\BANCADA8086.EXE.INTERMEDIATE.MANIFEST
C:\Users\Fabio\SkyDrive\Documents\Bancada8086-MS-VisualC-fontes\Bancada8086\Release\Bancada8086.Form1.resources
C:\USERS\FABIO\SKYDRIVE\DOCUMENTS\BANCADA8086-MS-VISUALC-FONTES\BANCADA8086\RELEASE\BANCADA8086.OBJ
C:\USERS\FABIO\SKYDRIVE\DOCUMENTS\BANCADA8086-MS-VISUALC-FONTES\BANCADA8086\RELEASE\BANCADA8086.PCH
C:\Users\Fabio\SkyDrive\Documents\Bancada8086-MS-VisualC-fontes\Bancada8086\Release\Bancada8086.vcxproj.GenerateResource.Cache
C:\Users\Fabio\SkyDrive\Documents\Bancada8086-MS-VisualC-fontes\Bancada8086\Release\Bancada8086.write.1.tlog
C:\Users\Fabio\SkyDrive\Documents\Bancada8086-MS-VisualC-fontes\Bancada8086\Release\cl.command.1.tlog
C:\Users\Fabio\SkyDrive\Documents\Bancada8086-MS-VisualC-fontes\Bancada8086\Release\CL.read.1.tlog
C:\Users\Fabio\SkyDrive\Documents\Bancada8086-MS-VisualC-fontes\Bancada8086\Release\CL.write.1.tlog
C:\Users\Fabio\SkyDrive\Documents\Bancada8086-MS-VisualC-fontes\Bancada8086\Release\link.command.1.tlog
C:\Users\Fabio\SkyDrive\Documents\Bancada8086-MS-VisualC-fontes\Bancada8086\Release\link.read.1.tlog
C:\Users\Fabio\SkyDrive\Documents\Bancada8086-MS-VisualC-fontes\Bancada8086\Release\link.write.1.tlog
C:\Users\Fabio\SkyDrive\Documents\Bancada8086-MS-VisualC-fontes\Bancada8086\Release\link-cvtres.read.1.tlog
C:\Users\Fabio\SkyDrive\Documents\Bancada8086-MS-VisualC-fontes\Bancada8086\Release\link-cvtres.write.1.tlog
C:\Users\Fabio\SkyDrive\Documents\Bancada8086-MS-VisualC-fontes\Bancada8086\Release\mt.command.1.tlog
C:\Users\Fabio\SkyDrive\Documents\Bancada8086-MS-VisualC-fontes\Bancada8086\Release\mt.read.1.tlog
C:\Users\Fabio\SkyDrive\Documents\Bancada8086-MS-VisualC-fontes\Bancada8086\Release\mt.write.1.tlog
C:\Users\Fabio\SkyDrive\Documents\Bancada8086-MS-VisualC-fontes\Bancada8086\Release\rc.command.1.tlog
C:\Users\Fabio\SkyDrive\Documents\Bancada8086-MS-VisualC-fontes\Bancada8086\Release\rc.read.1.tlog
C:\Users\Fabio\SkyDrive\Documents\Bancada8086-MS-VisualC-fontes\Bancada8086\Release\rc.write.1.tlog
C:\USERS\FABIO\SKYDRIVE\DOCUMENTS\BANCADA8086-MS-VISUALC-FONTES\BANCADA8086\RELEASE\STDAFX.OBJ
C:\USERS\FABIO\SKYDRIVE\DOCUMENTS\BANCADA8086-MS-VISUALC-FONTES\BANCADA8086\RELEASE\VC100.PDB
C:\USERS\FABIO\SKYDRIVE\DOCUMENTS\BANCADA8086-MS-VISUALC-FONTES\RELEASE\BANCADA8086.EXE
C:\USERS\FABIO\SKYDRIVE\DOCUMENTS\BANCADA8086-MS-VISUALC-FONTES\RELEASE\BANCADA8086.PDB
